<?xml version="1.0" encoding="UTF-8"?>
<testsuite xmlns:xsi="http://www.w3.org/2001/XMLSchema-instance" xsi:noNamespaceSchemaLocation="https://maven.apache.org/surefire/maven-surefire-plugin/xsd/surefire-test-report-3.0.xsd" version="3.0" name="com.example.DownloadManager.DownloadManagerApplicationTests" time="2.398" tests="1" errors="0" skipped="0" failures="0">
  <properties>
[...]
</properties>
  <testcase name="contextLoads" classname="com.example.DownloadManager.DownloadManagerApplicationTests" time="0.69">
    <system-out><![CDATA[22:18:14.463 [main] INFO org.springframework.test.context.support.AnnotationConfigContextLoaderUtils -- Could not detect default configuration classes for test class [com.example.DownloadManager.DownloadManagerApplicationTests]: DownloadManagerApplicationTests does not declare any static, non-private, non-final, nested classes annotated with @Configuration.
22:18:14.565 [main] INFO org.springframework.boot.test.context.SpringBootTestContextBootstrapper -- Found @SpringBootConfiguration com.example.DownloadManager.DownloadManagerApplication for test class com.example.DownloadManager.DownloadManagerApplicationTests

  .   ____          _            __ _ _
 /\\ / ___'_ __ _ _(_)_ __  __ _ \ \ \ \
( ( )\___ | '_ | '_| | '_ \/ _` | \ \ \ \
 \\/  ___)| |_)| | | | | || (_| |  ) ) ) )
  '  |____| .__|_| |_|_| |_\__, | / / / /
 =========|_|==============|___/=/_/_/_/

 :: Spring Boot ::                (v3.3.4)

2025-10-21T22:18:14.922+07:00  INFO 15532 --- [DownloadManager] [           main] c.e.D.DownloadManagerApplicationTests    : Starting DownloadManagerApplicationTests using Java 21.0.7 with PID 15532 (started by nguye in D:\LAP-TRINH-MANG\LAP-TRINH-MANG)
2025-10-21T22:18:14.923+07:00  INFO 15532 --- [DownloadManager] [           main] c.e.D.DownloadManagerApplicationTests    : No active profile set, falling back to 1 default profile: "default"
2025-10-21T22:18:15.983+07:00  INFO 15532 --- [DownloadManager] [           main] c.e.D.DownloadManagerApplicationTests    : Started DownloadManagerApplicationTests in 1.304 seconds (process running for 2.211)
]]></system-out>
    <system-err><![CDATA[WARNING: A Java agent has been loaded dynamically (C:\Users\nguye\.m2\repository\net\bytebuddy\byte-buddy-agent\1.14.19\byte-buddy-agent-1.14.19.jar)
WARNING: If a serviceability tool is in use, please run with -XX:+EnableDynamicAgentLoading to hide this warning
WARNING: If a serviceability tool is not in use, please run with -Djdk.instrument.traceUsage for more information
WARNING: Dynamic loading of agents will be disallowed by default in a future release
]]></system-err>
  </testcase>
</testsuite>